<?xml version="1.0" encoding="UTF-8"?>
<testsuite name="com.squires.gamechanger.leagues.LeaguesViewModelTest" tests="8" skipped="0" failures="0" errors="0" timestamp="2026-02-25T17:21:05.707Z" hostname="Jessies-Air" time="0.642">
  <properties/>
  <testcase name="error result maps to Error state" classname="com.squires.gamechanger.leagues.LeaguesViewModelTest" time="0.613"/>
  <testcase name="initial state is Loading" classname="com.squires.gamechanger.leagues.LeaguesViewModelTest" time="0.003"/>
  <testcase name="retry invokes getLeaguesUseCase a second time" classname="com.squires.gamechanger.leagues.LeaguesViewModelTest" time="0.007"/>
  <testcase name="success with empty list maps to Success state with empty list" classname="com.squires.gamechanger.leagues.LeaguesViewModelTest" time="0.003"/>
  <testcase name="success result maps to Success state" classname="com.squires.gamechanger.leagues.LeaguesViewModelTest" time="0.003"/>
  <testcase name="retry on error re-emits Error with cachedData" classname="com.squires.gamechanger.leagues.LeaguesViewModelTest" time="0.005"/>
  <testcase name="retry re-triggers getLeaguesUseCase" classname="com.squires.gamechanger.leagues.LeaguesViewModelTest" time="0.004"/>
  <testcase name="error result with cachedData maps to Error state with cachedData" classname="com.squires.gamechanger.leagues.LeaguesViewModelTest" time="0.002"/>
  <system-out><![CDATA[]]></system-out>
  <system-err><![CDATA[WARNING: A Java agent has been loaded dynamically (/Users/jessiesquires/.gradle/caches/modules-2/files-2.1/net.bytebuddy/byte-buddy-agent/1.14.15/b4cc9d88d5de562bf75b3a54ab436ad01b3f72d/byte-buddy-agent-1.14.15.jar)
WARNING: If a serviceability tool is in use, please run with -XX:+EnableDynamicAgentLoading to hide this warning
WARNING: If a serviceability tool is not in use, please run with -Djdk.instrument.traceUsage for more information
WARNING: Dynamic loading of agents will be disallowed by default in a future release
]]></system-err>
</testsuite>
