<?xml version="1.0" encoding="UTF-8"?>
<testsuite name="com.squires.gamechanger.data.LeagueRepositoryImplTest" tests="8" skipped="0" failures="0" errors="0" timestamp="2026-02-26T01:20:46.853Z" hostname="Jessies-Air" time="0.558">
  <properties/>
  <testcase name="searchLeagues returns Success with results for matching country query" classname="com.squires.gamechanger.data.LeagueRepositoryImplTest" time="0.533"/>
  <testcase name="refreshLeagues fetches from api and inserts into dao" classname="com.squires.gamechanger.data.LeagueRepositoryImplTest" time="0.003"/>
  <testcase name="getLeagues emits Error with null cachedData when refresh fails and cache is empty" classname="com.squires.gamechanger.data.LeagueRepositoryImplTest" time="0.012"/>
  <testcase name="getLeagues emits Loading then Success from dao" classname="com.squires.gamechanger.data.LeagueRepositoryImplTest" time="0.003"/>
  <testcase name="getLeagues emits Error with cachedData when refresh fails and cache exists" classname="com.squires.gamechanger.data.LeagueRepositoryImplTest" time="0.002"/>
  <testcase name="searchLeagues returns Error on network failure" classname="com.squires.gamechanger.data.LeagueRepositoryImplTest" time="0.001"/>
  <testcase name="getLeagues emits empty Success when dao returns empty list" classname="com.squires.gamechanger.data.LeagueRepositoryImplTest" time="0.001"/>
  <testcase name="getLeagues inserts fetched leagues into dao" classname="com.squires.gamechanger.data.LeagueRepositoryImplTest" time="0.003"/>
  <system-out><![CDATA[]]></system-out>
  <system-err><![CDATA[WARNING: A Java agent has been loaded dynamically (/Users/jessiesquires/.gradle/caches/modules-2/files-2.1/net.bytebuddy/byte-buddy-agent/1.14.15/b4cc9d88d5de562bf75b3a54ab436ad01b3f72d/byte-buddy-agent-1.14.15.jar)
WARNING: If a serviceability tool is in use, please run with -XX:+EnableDynamicAgentLoading to hide this warning
WARNING: If a serviceability tool is not in use, please run with -Djdk.instrument.traceUsage for more information
WARNING: Dynamic loading of agents will be disallowed by default in a future release
]]></system-err>
</testsuite>
