<?xml version="1.0" encoding="UTF-8"?>
<testsuite name="com.squires.gamechanger.teamdetails.TeamDetailViewModelTest" tests="6" skipped="0" failures="0" errors="0" timestamp="2026-02-25T17:04:52.860Z" hostname="Jessies-Air" time="0.964">
  <properties/>
  <testcase name="retry invokes use case a second time" classname="com.squires.gamechanger.teamdetails.TeamDetailViewModelTest" time="0.941"/>
  <testcase name="error result maps to Error state" classname="com.squires.gamechanger.teamdetails.TeamDetailViewModelTest" time="0.004"/>
  <testcase name="initial state is Loading" classname="com.squires.gamechanger.teamdetails.TeamDetailViewModelTest" time="0.004"/>
  <testcase name="retry re-invokes use case and emits Success after Error" classname="com.squires.gamechanger.teamdetails.TeamDetailViewModelTest" time="0.008"/>
  <testcase name="success result maps to Success state" classname="com.squires.gamechanger.teamdetails.TeamDetailViewModelTest" time="0.003"/>
  <testcase name="teamId is read correctly from SavedStateHandle" classname="com.squires.gamechanger.teamdetails.TeamDetailViewModelTest" time="0.002"/>
  <system-out><![CDATA[]]></system-out>
  <system-err><![CDATA[WARNING: A Java agent has been loaded dynamically (/Users/jessiesquires/.gradle/caches/modules-2/files-2.1/net.bytebuddy/byte-buddy-agent/1.14.15/b4cc9d88d5de562bf75b3a54ab436ad01b3f72d/byte-buddy-agent-1.14.15.jar)
WARNING: If a serviceability tool is in use, please run with -XX:+EnableDynamicAgentLoading to hide this warning
WARNING: If a serviceability tool is not in use, please run with -Djdk.instrument.traceUsage for more information
WARNING: Dynamic loading of agents will be disallowed by default in a future release
]]></system-err>
</testsuite>
